mode: set
day16/lib/lib.go:11.42,13.17 2 1
day16/lib/lib.go:13.17,15.3 1 0
day16/lib/lib.go:17.2,17.28 1 1
day16/lib/lib.go:17.28,19.22 2 1
day16/lib/lib.go:19.22,21.4 1 0
day16/lib/lib.go:24.2,27.21 3 1
day16/lib/lib.go:27.21,30.3 2 1
day16/lib/lib.go:31.2,31.15 1 1
day16/lib/lib.go:54.26,56.2 1 1
day16/lib/lib.go:58.51,63.22 5 1
day16/lib/lib.go:64.13,65.43 1 1
day16/lib/lib.go:65.43,68.20 3 1
day16/lib/lib.go:69.13,70.46 1 1
day16/lib/lib.go:71.14,72.42 1 1
day16/lib/lib.go:73.13,74.40 1 1
day16/lib/lib.go:75.12,76.43 1 1
day16/lib/lib.go:79.12,80.31 1 1
day16/lib/lib.go:80.31,83.20 3 1
day16/lib/lib.go:84.13,85.46 1 1
day16/lib/lib.go:86.14,87.40 1 1
day16/lib/lib.go:88.13,89.42 1 0
day16/lib/lib.go:90.12,91.42 1 1
day16/lib/lib.go:94.10,95.31 1 1
day16/lib/lib.go:95.31,98.20 3 1
day16/lib/lib.go:99.13,100.49 1 1
day16/lib/lib.go:101.13,102.43 1 1
day16/lib/lib.go:103.14,104.42 1 1
day16/lib/lib.go:105.12,106.40 1 1
day16/lib/lib.go:109.12,110.40 1 1
day16/lib/lib.go:110.40,113.20 3 1
day16/lib/lib.go:114.13,115.49 1 1
day16/lib/lib.go:116.13,117.42 1 0
day16/lib/lib.go:118.14,119.43 1 0
day16/lib/lib.go:120.12,121.42 1 1
day16/lib/lib.go:125.2,125.33 1 1
day16/lib/lib.go:125.33,131.3 1 1
day16/lib/lib.go:132.2,132.18 1 1
day16/lib/lib.go:135.72,137.69 2 1
day16/lib/lib.go:137.69,138.35 1 1
day16/lib/lib.go:138.35,139.37 1 1
day16/lib/lib.go:139.37,142.5 2 1
day16/lib/lib.go:145.2,145.23 1 1
day16/lib/lib.go:148.57,150.25 2 1
day16/lib/lib.go:150.25,151.37 1 1
day16/lib/lib.go:151.37,153.4 1 1
day16/lib/lib.go:155.2,155.13 1 1
day16/lib/lib.go:158.85,159.34 1 1
day16/lib/lib.go:159.34,160.49 1 1
day16/lib/lib.go:160.49,162.4 1 0
day16/lib/lib.go:164.2,164.31 1 1
